<?xml version="1.0" encoding="UTF-8"?>
<testng-results ignored="0" total="3" passed="3" failed="0" skipped="0">
  <reporter-output>
  </reporter-output>
  <suite started-at="2025-06-20T22:15:58 IST" name="Default suite" finished-at="2025-06-20T22:16:11 IST" duration-ms="12807">
    <groups>
    </groups>
    <test started-at="2025-06-20T22:15:58 IST" name="Default test" finished-at="2025-06-20T22:16:11 IST" duration-ms="12807">
      <class name="com.actitime.testscript.DataProvide">
        <test-method signature="login(java.lang.String,java.lang.String,java.lang.String)[pri:0, instance:com.actitime.testscript.DataProvide@3c9754d8]" started-at="2025-06-20T22:15:58 IST" name="login" data-provider="setData" finished-at="2025-06-20T22:16:09 IST" duration-ms="10233" status="PASS">
          <params>
            <param index="0">
              <value>
                <![CDATA[http://localhost/login.do]]>
              </value>
            </param>
            <param index="1">
              <value>
                <![CDATA[admin]]>
              </value>
            </param>
            <param index="2">
              <value>
                <![CDATA[manager]]>
              </value>
            </param>
          </params>
          <reporter-output>
          </reporter-output>
        </test-method> <!-- login -->
        <test-method signature="login(java.lang.String,java.lang.String,java.lang.String)[pri:0, instance:com.actitime.testscript.DataProvide@3c9754d8]" started-at="2025-06-20T22:16:09 IST" name="login" data-provider="setData" finished-at="2025-06-20T22:16:10 IST" duration-ms="1266" status="PASS">
          <params>
            <param index="0">
              <value>
                <![CDATA[http://localhost/login.do]]>
              </value>
            </param>
            <param index="1">
              <value>
                <![CDATA[admin1]]>
              </value>
            </param>
            <param index="2">
              <value>
                <![CDATA[manager2]]>
              </value>
            </param>
          </params>
          <reporter-output>
          </reporter-output>
        </test-method> <!-- login -->
        <test-method signature="login(java.lang.String,java.lang.String,java.lang.String)[pri:0, instance:com.actitime.testscript.DataProvide@3c9754d8]" started-at="2025-06-20T22:16:10 IST" name="login" data-provider="setData" finished-at="2025-06-20T22:16:11 IST" duration-ms="1265" status="PASS">
          <params>
            <param index="0">
              <value>
                <![CDATA[http://localhost/login.do]]>
              </value>
            </param>
            <param index="1">
              <value>
                <![CDATA[admin2]]>
              </value>
            </param>
            <param index="2">
              <value>
                <![CDATA[manager2]]>
              </value>
            </param>
          </params>
          <reporter-output>
          </reporter-output>
        </test-method> <!-- login -->
      </class> <!-- com.actitime.testscript.DataProvide -->
    </test> <!-- Default test -->
  </suite> <!-- Default suite -->
</testng-results>
