<?xml version="1.0" encoding="UTF-8"?>
<!-- Generated by org.testng.reporters.JUnitXMLReporter -->
<testsuite ignored="0" hostname="LAPTOP-470J3997" failures="0" tests="3" name="Default test" time="12.807" errors="0" timestamp="2025-06-20T22:16:11 IST">
  <testcase classname="com.actitime.testscript.DataProvide" name="login" time="10.233"/>
  <testcase classname="com.actitime.testscript.DataProvide" name="login" time="1.266"/>
  <testcase classname="com.actitime.testscript.DataProvide" name="login" time="1.265"/>
</testsuite> <!-- Default test -->
